2025-06-03 20:04:06,061 - LRUCache - DEBUG - Добавлен первый node в кэш
2025-06-03 20:04:06,061 - LRUCache - INFO - Добавлен новый ключ 'a' со значением '1'
2025-06-03 20:04:06,061 - LRUCache - DEBUG - Состояние кэша после add 'a': a:1
2025-06-03 20:04:06,061 - LRUCache - DEBUG - Добавлен новый node в голову кэша
2025-06-03 20:04:06,061 - LRUCache - INFO - Добавлен новый ключ 'b' со значением '2'
2025-06-03 20:04:06,062 - LRUCache - DEBUG - Состояние кэша после add 'b': b:2 -> a:1
2025-06-03 20:04:06,062 - LRUCache - DEBUG - Удален node с ключом 'a' из кэша
2025-06-03 20:04:06,062 - LRUCache - DEBUG - Выскочил хвостовый node с ключом 'a'
2025-06-03 20:04:06,062 - LRUCache - WARNING - Достигнут limit кэша. Удален node с ключом 'a'
2025-06-03 20:04:06,062 - LRUCache - DEBUG - Добавлен новый node в голову кэша
2025-06-03 20:04:06,062 - LRUCache - INFO - Добавлен новый ключ 'c' со значением '3'
2025-06-03 20:04:06,062 - LRUCache - DEBUG - Состояние кэша после add 'c': c:3 -> b:2
2025-06-03 20:04:06,062 - LRUCache - DEBUG - Удален node с ключом 'b' из кэша
2025-06-03 20:04:06,062 - LRUCache - DEBUG - Добавлен новый node в голову кэша
2025-06-03 20:04:06,062 - LRUCache - DEBUG - Сдвинут node с ключом 'b' в голову кэша
2025-06-03 20:04:06,062 - LRUCache - INFO - Полученный ключ 'b' со значением '2'
2025-06-03 20:04:06,062 - LRUCache - DEBUG - Состояние кэша после get 'b': b:2 -> c:3
2025-06-03 20:04:06,062 - LRUCache - WARNING - Ключ 'x' не найден в кэше
2025-06-03 20:04:06,062 - LRUCache - INFO - Обновленный ключ 'b' со значением '22'
2025-06-03 20:04:06,062 - LRUCache - DEBUG - Состояние кэша после update 'b': b:22 -> c:3
